06-13 23:56 Proxy        INFO     144.217.88.21:10000 is not available anymore, moving to next. timed out
06-13 23:56 link_operation INFO     6 pages in total to fetch.
06-13 23:56 link_operation INFO     Got 20 links on page https://www.redfin.com/zipcode/98027
06-13 23:57 link_operation ERROR    Unknow err in __make_call().HTTPSConnectionPool(host='www.redfin.com', port=443): Max retries exceeded with url: /zipcode/98027/page-2 (Caused by ProxyError('Cannot connect to proxy.', NewConnectionError('<urllib3.connection.VerifiedHTTPSConnection object at 0x05452950>: Failed to establish a new connection: [WinError 10060] A connection attempt failed because the connected party did not properly respond after a period of time, or established connection failed because connected host has failed to respond',)))
Trying 3 more time(s)...
06-13 23:57 link_operation INFO     Got 20 links on page https://www.redfin.com/zipcode/98027/page-2
06-13 23:57 link_operation INFO     Got 20 links on page https://www.redfin.com/zipcode/98027/page-3
06-13 23:58 link_operation INFO     Got 20 links on page https://www.redfin.com/zipcode/98027/page-4
06-13 23:58 link_operation INFO     Got 20 links on page https://www.redfin.com/zipcode/98027/page-5
06-13 23:58 link_operation INFO     Got 20 links on page https://www.redfin.com/zipcode/98027/page-6
06-13 23:58 Link_db_control INFO     Total link amount is 120. 0 links are already in the database:
06-13 23:59 link_operation INFO     3 pages in total to fetch.
06-13 23:59 link_operation INFO     Got 20 links on page https://www.redfin.com/zipcode/98028
06-13 23:59 link_operation INFO     Got 20 links on page https://www.redfin.com/zipcode/98028/page-2
06-13 23:59 link_operation INFO     Got 1 links on page https://www.redfin.com/zipcode/98028/page-3
06-13 23:59 Link_db_control INFO     Total link amount is 41. 0 links are already in the database:
06-14 00:00 link_operation INFO     7 pages in total to fetch.
06-14 00:00 link_operation INFO     Got 20 links on page https://www.redfin.com/zipcode/98029
06-14 00:00 link_operation INFO     Got 20 links on page https://www.redfin.com/zipcode/98029/page-2
06-14 00:00 link_operation INFO     Got 20 links on page https://www.redfin.com/zipcode/98029/page-3
06-14 00:01 link_operation INFO     Got 20 links on page https://www.redfin.com/zipcode/98029/page-4
06-14 00:01 link_operation INFO     Got 20 links on page https://www.redfin.com/zipcode/98029/page-5
06-14 00:01 link_operation INFO     Got 20 links on page https://www.redfin.com/zipcode/98029/page-6
06-14 00:01 link_operation INFO     Got 2 links on page https://www.redfin.com/zipcode/98029/page-7
06-14 00:02 Link_db_control INFO     Total link amount is 122. 0 links are already in the database:
06-14 00:02 link_operation ERROR    Unknow err in __make_call().HTTPSConnectionPool(host='www.redfin.com', port=443): Max retries exceeded with url: /zipcode/98030 (Caused by ProxyError('Cannot connect to proxy.', NewConnectionError('<urllib3.connection.VerifiedHTTPSConnection object at 0x01883D70>: Failed to establish a new connection: [WinError 10060] A connection attempt failed because the connected party did not properly respond after a period of time, or established connection failed because connected host has failed to respond',)))
Trying 3 more time(s)...
06-14 00:03 link_operation INFO     4 pages in total to fetch.
06-14 00:03 link_operation INFO     Got 20 links on page https://www.redfin.com/zipcode/98030
