06-13 17:43 urllib3.connectionpool DEBUG    Starting new HTTPS connection (1): free-proxy-list.net
06-13 17:43 urllib3.connectionpool DEBUG    https://free-proxy-list.net:443 "GET /anonymous-proxy.html HTTP/1.1" 200 None
06-13 17:44 urllib3.connectionpool DEBUG    Starting new HTTPS connection (1): www.redfin.com
06-13 17:44 urllib3.connectionpool DEBUG    https://www.redfin.com:443 "GET /zipcode/98001 HTTP/1.1" 200 None
06-13 17:44 link_operation INFO     6 pages in total to fetch.
06-13 17:44 link_operation INFO     Getting links from page https://www.redfin.com/zipcode/98001/page-2
06-13 17:44 urllib3.connectionpool DEBUG    Starting new HTTPS connection (1): www.redfin.com
06-13 17:44 link_operation ERROR    Unknow err in __make_call().HTTPSConnectionPool(host='www.redfin.com', port=443): Max retries exceeded with url: /zipcode/98001/page-2 (Caused by SSLError(SSLError("bad handshake: Error([('SSL routines', 'ssl3_get_record', 'wrong version number')],)",),))
Trying 3 more time(s)...
06-13 17:44 urllib3.connectionpool DEBUG    Starting new HTTPS connection (1): www.redfin.com
06-13 17:44 urllib3.connectionpool DEBUG    https://www.redfin.com:443 "GET /zipcode/98001/page-2 HTTP/1.1" 403 None
06-13 17:44 link_operation INFO     Getting links from page https://www.redfin.com/zipcode/98001/page-3
06-13 17:45 urllib3.connectionpool DEBUG    Starting new HTTPS connection (1): www.redfin.com
06-13 17:45 urllib3.connectionpool DEBUG    https://www.redfin.com:443 "GET /zipcode/98001/page-3 HTTP/1.1" 200 None
06-13 17:45 link_operation INFO     Getting links from page https://www.redfin.com/zipcode/98001/page-4
06-13 17:45 urllib3.connectionpool DEBUG    Starting new HTTPS connection (1): www.redfin.com
06-13 17:45 urllib3.connectionpool DEBUG    https://www.redfin.com:443 "GET /zipcode/98001/page-4 HTTP/1.1" 200 None
06-13 17:45 link_operation INFO     Getting links from page https://www.redfin.com/zipcode/98001/page-5
06-13 17:45 urllib3.connectionpool DEBUG    Starting new HTTPS connection (1): free-proxy-list.net
06-13 17:45 urllib3.connectionpool DEBUG    https://free-proxy-list.net:443 "GET /anonymous-proxy.html HTTP/1.1" 200 None
06-13 17:45 urllib3.connectionpool DEBUG    Starting new HTTPS connection (1): www.redfin.com
06-13 17:45 urllib3.connectionpool DEBUG    https://www.redfin.com:443 "GET /zipcode/98001/page-5 HTTP/1.1" 200 None
06-13 17:45 link_operation INFO     Getting links from page https://www.redfin.com/zipcode/98001/page-6
06-13 17:45 urllib3.connectionpool DEBUG    Starting new HTTPS connection (1): www.redfin.com
06-13 17:45 link_operation ERROR    Unknow err in __make_call().HTTPSConnectionPool(host='www.redfin.com', port=443): Max retries exceeded with url: /zipcode/98001/page-6 (Caused by SSLError(SSLError("bad handshake: Error([('SSL routines', 'ssl3_get_record', 'wrong version number')],)",),))
Trying 3 more time(s)...
06-13 17:46 urllib3.connectionpool DEBUG    Starting new HTTPS connection (1): www.redfin.com
06-13 17:46 urllib3.connectionpool DEBUG    https://www.redfin.com:443 "GET /zipcode/98001/page-6 HTTP/1.1" 403 5001
